# JRE version: OpenJDK Runtime Environment GraalVM CE 22.3.0 (17.0.5+8) (build 17.0.5+8-jvmci-22.3-b08)
# Java VM: OpenJDK 64-Bit Server VM GraalVM CE 22.3.0 (17.0.5+8-jvmci-22.3-b08, mixed mode, sharing, tiered, jvmci, jvmci compiler, compressed oops, compressed class ptrs, parallel gc, linux-amd64)
GC Precious Log:
 CPUs: 8 total, 1 available
 Memory: 1024M
 Large Page Support: Disabled
 NUMA Support: Disabled
 Compressed Oops: Enabled (32-bit)
 Alignments: Space 512K, Generation 512K, Heap 2M
 Heap Min Capacity: 100M
 Heap Initial Capacity: 100M
 Heap Max Capacity: 512M
 Pre-touch: Disabled
 Parallel Workers: 1
Heap:
 PSYoungGen      total 33792K, used 20480K [0x00000000f5580000, 0x00000000fa700000, 0x0000000100000000)
  eden space 20480K, 100% used [0x00000000f5580000,0x00000000f6980000,0x00000000f6980000)
  from space 13312K, 0% used [0x00000000f8780000,0x00000000f8780000,0x00000000f9480000)
  to   space 30720K, 0% used [0x00000000f6980000,0x00000000f6980000,0x00000000f8780000)
 ParOldGen       total 349696K, used 349694K [0x00000000e0000000, 0x00000000f5580000, 0x00000000f5580000)
  object space 349696K, 99% used [0x00000000e0000000,0x00000000f557f8e0,0x00000000f5580000)
 Metaspace       used 53445K, committed 54464K, reserved 1105920K
  class space    used 5279K, committed 5696K, reserved 1048576K
GC Heap History (20 events):
Event: 2393.305 GC heap before
{Heap before GC invocations=1090 (full 1015):
 PSYoungGen      total 33792K, used 20479K [0x00000000f5580000, 0x00000000fa700000, 0x0000000100000000)
  eden space 20480K, 99% used [0x00000000f5580000,0x00000000f697fff8,0x00000000f6980000)
  from space 13312K, 0% used [0x00000000f8780000,0x00000000f8780000,0x00000000f9480000)
  to   space 30720K, 0% used [0x00000000f6980000,0x00000000f6980000,0x00000000f8780000)
 ParOldGen       total 349696K, used 349695K [0x00000000e0000000, 0x00000000f5580000, 0x00000000f5580000)
  object space 349696K, 99% used [0x00000000e0000000,0x00000000f557fff0,0x00000000f5580000)
 Metaspace       used 53445K, committed 54464K, reserved 1105920K
  class space    used 5279K, committed 5696K, reserved 1048576K
}
Event: 2395.428 GC heap after
{Heap after GC invocations=1090 (full 1015):
 PSYoungGen      total 51200K, used 20479K [0x00000000f5580000, 0x00000000fa700000, 0x0000000100000000)
  eden space 20480K, 99% used [0x00000000f5580000,0x00000000f697fff8,0x00000000f6980000)
  from space 30720K, 0% used [0x00000000f6980000,0x00000000f6980000,0x00000000f8780000)
  to   space 13312K, 0% used [0x00000000f8780000,0x00000000f8780000,0x00000000f9480000)
 ParOldGen       total 349696K, used 349695K [0x00000000e0000000, 0x00000000f5580000, 0x00000000f5580000)
  object space 349696K, 99% used [0x00000000e0000000,0x00000000f557ffc0,0x00000000f5580000)
 Metaspace       used 53445K, committed 54464K, reserved 1105920K
  class space    used 5279K, committed 5696K, reserved 1048576K
}
Event: 2395.428 GC heap before
{Heap before GC invocations=1091 (full 1016):
 PSYoungGen      total 51200K, used 20479K [0x00000000f5580000, 0x00000000fa700000, 0x0000000100000000)
  eden space 20480K, 99% used [0x00000000f5580000,0x00000000f697fff8,0x00000000f6980000)
  from space 30720K, 0% used [0x00000000f6980000,0x00000000f6980000,0x00000000f8780000)
  to   space 13312K, 0% used [0x00000000f8780000,0x00000000f8780000,0x00000000f9480000)
 ParOldGen       total 349696K, used 349695K [0x00000000e0000000, 0x00000000f5580000, 0x00000000f5580000)
  object space 349696K, 99% used [0x00000000e0000000,0x00000000f557fff0,0x00000000f5580000)
 Metaspace       used 53445K, committed 54464K, reserved 1105920K
  class space    used 5279K, committed 5696K, reserved 1048576K
}
Event: 2397.348 GC heap after
{Heap after GC invocations=1091 (full 1016):
 PSYoungGen      total 33792K, used 20479K [0x00000000f5580000, 0x00000000fa700000, 0x0000000100000000)
  eden space 20480K, 99% used [0x00000000f5580000,0x00000000f697fff8,0x00000000f6980000)
  from space 13312K, 0% used [0x00000000f8780000,0x00000000f8780000,0x00000000f9480000)
  to   space 30720K, 0% used [0x00000000f6980000,0x00000000f6980000,0x00000000f8780000)
 ParOldGen       total 349696K, used 349695K [0x00000000e0000000, 0x00000000f5580000, 0x00000000f5580000)
  object space 349696K, 99% used [0x00000000e0000000,0x00000000f557ffd8,0x00000000f5580000)
 Metaspace       used 53445K, committed 54464K, reserved 1105920K
  class space    used 5279K, committed 5696K, reserved 1048576K
}
Event: 2397.348 GC heap before
{Heap before GC invocations=1092 (full 1017):
 PSYoungGen      total 33792K, used 20479K [0x00000000f5580000, 0x00000000fa700000, 0x0000000100000000)
  eden space 20480K, 99% used [0x00000000f5580000,0x00000000f697fff8,0x00000000f6980000)
  from space 13312K, 0% used [0x00000000f8780000,0x00000000f8780000,0x00000000f9480000)
  to   space 30720K, 0% used [0x00000000f6980000,0x00000000f6980000,0x00000000f8780000)
 ParOldGen       total 349696K, used 349695K [0x00000000e0000000, 0x00000000f5580000, 0x00000000f5580000)
  object space 349696K, 99% used [0x00000000e0000000,0x00000000f557ffd8,0x00000000f5580000)
 Metaspace       used 53445K, committed 54464K, reserved 1105920K
  class space    used 5279K, committed 5696K, reserved 1048576K
}
Event: 2399.307 GC heap after
{Heap after GC invocations=1092 (full 1017):
 PSYoungGen      total 51200K, used 20479K [0x00000000f5580000, 0x00000000fa700000, 0x0000000100000000)
  eden space 20480K, 99% used [0x00000000f5580000,0x00000000f697fff8,0x00000000f6980000)
  from space 30720K, 0% used [0x00000000f6980000,0x00000000f6980000,0x00000000f8780000)
  to   space 13312K, 0% used [0x00000000f8780000,0x00000000f8780000,0x00000000f9480000)
 ParOldGen       total 349696K, used 349695K [0x00000000e0000000, 0x00000000f5580000, 0x00000000f5580000)
  object space 349696K, 99% used [0x00000000e0000000,0x00000000f557ffd8,0x00000000f5580000)
 Metaspace       used 53445K, committed 54464K, reserved 1105920K
  class space    used 5279K, committed 5696K, reserved 1048576K
}
Event: 2399.308 GC heap before
{Heap before GC invocations=1093 (full 1018):
 PSYoungGen      total 51200K, used 20479K [0x00000000f5580000, 0x00000000fa700000, 0x0000000100000000)
  eden space 20480K, 99% used [0x00000000f5580000,0x00000000f697fff8,0x00000000f6980000)
  from space 30720K, 0% used [0x00000000f6980000,0x00000000f6980000,0x00000000f8780000)
  to   space 13312K, 0% used [0x00000000f8780000,0x00000000f8780000,0x00000000f9480000)
 ParOldGen       total 349696K, used 349695K [0x00000000e0000000, 0x00000000f5580000, 0x00000000f5580000)
  object space 349696K, 99% used [0x00000000e0000000,0x00000000f557ffd8,0x00000000f5580000)
 Metaspace       used 53445K, committed 54464K, reserved 1105920K
  class space    used 5279K, committed 5696K, reserved 1048576K
}
Event: 2401.155 GC heap after
{Heap after GC invocations=1093 (full 1018):
 PSYoungGen      total 33792K, used 20479K [0x00000000f5580000, 0x00000000fa700000, 0x0000000100000000)
  eden space 20480K, 99% used [0x00000000f5580000,0x00000000f697fff8,0x00000000f6980000)
  from space 13312K, 0% used [0x00000000f8780000,0x00000000f8780000,0x00000000f9480000)
  to   space 30720K, 0% used [0x00000000f6980000,0x00000000f6980000,0x00000000f8780000)
 ParOldGen       total 349696K, used 349694K [0x00000000e0000000, 0x00000000f5580000, 0x00000000f5580000)
  object space 349696K, 99% used [0x00000000e0000000,0x00000000f557fa38,0x00000000f5580000)
 Metaspace       used 53445K, committed 54464K, reserved 1105920K
  class space    used 5279K, committed 5696K, reserved 1048576K
}
Event: 2401.163 GC heap before
{Heap before GC invocations=1094 (full 1019):
 PSYoungGen      total 33792K, used 20479K [0x00000000f5580000, 0x00000000fa700000, 0x0000000100000000)
  eden space 20480K, 99% used [0x00000000f5580000,0x00000000f697fff8,0x00000000f6980000)
  from space 13312K, 0% used [0x00000000f8780000,0x00000000f8780000,0x00000000f9480000)
  to   space 30720K, 0% used [0x00000000f6980000,0x00000000f6980000,0x00000000f8780000)
 ParOldGen       total 349696K, used 349695K [0x00000000e0000000, 0x00000000f5580000, 0x00000000f5580000)
  object space 349696K, 99% used [0x00000000e0000000,0x00000000f557ffe0,0x00000000f5580000)
 Metaspace       used 53445K, committed 54464K, reserved 1105920K
  class space    used 5279K, committed 5696K, reserved 1048576K
}
Event: 2403.346 GC heap after
{Heap after GC invocations=1094 (full 1019):
 PSYoungGen      total 51200K, used 20479K [0x00000000f5580000, 0x00000000fa700000, 0x0000000100000000)
  eden space 20480K, 99% used [0x00000000f5580000,0x00000000f697ff98,0x00000000f6980000)
  from space 30720K, 0% used [0x00000000f6980000,0x00000000f6980000,0x00000000f8780000)
  to   space 13312K, 0% used [0x00000000f8780000,0x00000000f8780000,0x00000000f9480000)
 ParOldGen       total 349696K, used 349695K [0x00000000e0000000, 0x00000000f5580000, 0x00000000f5580000)
  object space 349696K, 99% used [0x00000000e0000000,0x00000000f557ff38,0x00000000f5580000)
 Metaspace       used 53445K, committed 54464K, reserved 1105920K
  class space    used 5279K, committed 5696K, reserved 1048576K
}
Event: 2403.347 GC heap before
{Heap before GC invocations=1095 (full 1020):
 PSYoungGen      total 51200K, used 20479K [0x00000000f5580000, 0x00000000fa700000, 0x0000000100000000)
  eden space 20480K, 99% used [0x00000000f5580000,0x00000000f697fff0,0x00000000f6980000)
  from space 30720K, 0% used [0x00000000f6980000,0x00000000f6980000,0x00000000f8780000)
  to   space 13312K, 0% used [0x00000000f8780000,0x00000000f8780000,0x00000000f9480000)
 ParOldGen       total 349696K, used 349696K [0x00000000e0000000, 0x00000000f5580000, 0x00000000f5580000)
  object space 349696K, 100% used [0x00000000e0000000,0x00000000f5580000,0x00000000f5580000)
 Metaspace       used 53445K, committed 54464K, reserved 1105920K
  class space    used 5279K, committed 5696K, reserved 1048576K
}
Event: 2405.626 GC heap after
{Heap after GC invocations=1095 (full 1020):
 PSYoungGen      total 33792K, used 20479K [0x00000000f5580000, 0x00000000fa700000, 0x0000000100000000)
  eden space 20480K, 99% used [0x00000000f5580000,0x00000000f697fff0,0x00000000f6980000)
  from space 13312K, 0% used [0x00000000f8780000,0x00000000f8780000,0x00000000f9480000)
  to   space 30720K, 0% used [0x00000000f6980000,0x00000000f6980000,0x00000000f8780000)
 ParOldGen       total 349696K, used 349695K [0x00000000e0000000, 0x00000000f5580000, 0x00000000f5580000)
  object space 349696K, 99% used [0x00000000e0000000,0x00000000f557ffc0,0x00000000f5580000)
 Metaspace       used 53445K, committed 54464K, reserved 1105920K
  class space    used 5279K, committed 5696K, reserved 1048576K
}
Event: 2405.628 GC heap before
{Heap before GC invocations=1096 (full 1021):
 PSYoungGen      total 33792K, used 20480K [0x00000000f5580000, 0x00000000fa700000, 0x0000000100000000)
  eden space 20480K, 100% used [0x00000000f5580000,0x00000000f6980000,0x00000000f6980000)
  from space 13312K, 0% used [0x00000000f8780000,0x00000000f8780000,0x00000000f9480000)
  to   space 30720K, 0% used [0x00000000f6980000,0x00000000f6980000,0x00000000f8780000)
 ParOldGen       total 349696K, used 349695K [0x00000000e0000000, 0x00000000f5580000, 0x00000000f5580000)
  object space 349696K, 99% used [0x00000000e0000000,0x00000000f557fff8,0x00000000f5580000)
 Metaspace       used 53445K, committed 54464K, reserved 1105920K
  class space    used 5279K, committed 5696K, reserved 1048576K
}
Event: 2407.548 GC heap after
{Heap after GC invocations=1096 (full 1021):
 PSYoungGen      total 51200K, used 20479K [0x00000000f5580000, 0x00000000fa700000, 0x0000000100000000)
  eden space 20480K, 99% used [0x00000000f5580000,0x00000000f697ffd0,0x00000000f6980000)
  from space 30720K, 0% used [0x00000000f6980000,0x00000000f6980000,0x00000000f8780000)
  to   space 13312K, 0% used [0x00000000f8780000,0x00000000f8780000,0x00000000f9480000)
 ParOldGen       total 349696K, used 349695K [0x00000000e0000000, 0x00000000f5580000, 0x00000000f5580000)
  object space 349696K, 99% used [0x00000000e0000000,0x00000000f557ffe8,0x00000000f5580000)
 Metaspace       used 53445K, committed 54464K, reserved 1105920K
  class space    used 5279K, committed 5696K, reserved 1048576K
}
Event: 2407.555 GC heap before
{Heap before GC invocations=1097 (full 1022):
 PSYoungGen      total 51200K, used 20479K [0x00000000f5580000, 0x00000000fa700000, 0x0000000100000000)
  eden space 20480K, 99% used [0x00000000f5580000,0x00000000f697fff0,0x00000000f6980000)
  from space 30720K, 0% used [0x00000000f6980000,0x00000000f6980000,0x00000000f8780000)
  to   space 13312K, 0% used [0x00000000f8780000,0x00000000f8780000,0x00000000f9480000)
 ParOldGen       total 349696K, used 349695K [0x00000000e0000000, 0x00000000f5580000, 0x00000000f5580000)
  object space 349696K, 99% used [0x00000000e0000000,0x00000000f557ffe8,0x00000000f5580000)
 Metaspace       used 53445K, committed 54464K, reserved 1105920K
  class space    used 5279K, committed 5696K, reserved 1048576K
}
Event: 2410.071 GC heap after
{Heap after GC invocations=1097 (full 1022):
 PSYoungGen      total 33792K, used 20479K [0x00000000f5580000, 0x00000000fa700000, 0x0000000100000000)
  eden space 20480K, 99% used [0x00000000f5580000,0x00000000f697fff0,0x00000000f6980000)
  from space 13312K, 0% used [0x00000000f8780000,0x00000000f8780000,0x00000000f9480000)
  to   space 30720K, 0% used [0x00000000f6980000,0x00000000f6980000,0x00000000f8780000)
 ParOldGen       total 349696K, used 349693K [0x00000000e0000000, 0x00000000f5580000, 0x00000000f5580000)
  object space 349696K, 99% used [0x00000000e0000000,0x00000000f557f778,0x00000000f5580000)
 Metaspace       used 53445K, committed 54464K, reserved 1105920K
  class space    used 5279K, committed 5696K, reserved 1048576K
}
Event: 2410.072 GC heap before
{Heap before GC invocations=1098 (full 1023):
 PSYoungGen      total 33792K, used 20480K [0x00000000f5580000, 0x00000000fa700000, 0x0000000100000000)
  eden space 20480K, 100% used [0x00000000f5580000,0x00000000f6980000,0x00000000f6980000)
  from space 13312K, 0% used [0x00000000f8780000,0x00000000f8780000,0x00000000f9480000)
  to   space 30720K, 0% used [0x00000000f6980000,0x00000000f6980000,0x00000000f8780000)
 ParOldGen       total 349696K, used 349694K [0x00000000e0000000, 0x00000000f5580000, 0x00000000f5580000)
  object space 349696K, 99% used [0x00000000e0000000,0x00000000f557faf0,0x00000000f5580000)
 Metaspace       used 53445K, committed 54464K, reserved 1105920K
  class space    used 5279K, committed 5696K, reserved 1048576K
}
Event: 2412.231 GC heap after
{Heap after GC invocations=1098 (full 1023):
 PSYoungGen      total 51200K, used 20479K [0x00000000f5580000, 0x00000000fa700000, 0x0000000100000000)
  eden space 20480K, 99% used [0x00000000f5580000,0x00000000f697fff0,0x00000000f6980000)
  from space 30720K, 0% used [0x00000000f6980000,0x00000000f6980000,0x00000000f8780000)
  to   space 13312K, 0% used [0x00000000f8780000,0x00000000f8780000,0x00000000f9480000)
 ParOldGen       total 349696K, used 349693K [0x00000000e0000000, 0x00000000f5580000, 0x00000000f5580000)
  object space 349696K, 99% used [0x00000000e0000000,0x00000000f557f7b0,0x00000000f5580000)
 Metaspace       used 53445K, committed 54464K, reserved 1105920K
  class space    used 5279K, committed 5696K, reserved 1048576K
}
Event: 2412.231 GC heap before
{Heap before GC invocations=1099 (full 1024):
 PSYoungGen      total 51200K, used 20479K [0x00000000f5580000, 0x00000000fa700000, 0x0000000100000000)
  eden space 20480K, 99% used [0x00000000f5580000,0x00000000f697fff0,0x00000000f6980000)
  from space 30720K, 0% used [0x00000000f6980000,0x00000000f6980000,0x00000000f8780000)
  to   space 13312K, 0% used [0x00000000f8780000,0x00000000f8780000,0x00000000f9480000)
 ParOldGen       total 349696K, used 349693K [0x00000000e0000000, 0x00000000f5580000, 0x00000000f5580000)
  object space 349696K, 99% used [0x00000000e0000000,0x00000000f557f7b0,0x00000000f5580000)
 Metaspace       used 53445K, committed 54464K, reserved 1105920K
  class space    used 5279K, committed 5696K, reserved 1048576K
}
Event: 2414.339 GC heap after
{Heap after GC invocations=1099 (full 1024):
 PSYoungGen      total 33792K, used 20479K [0x00000000f5580000, 0x00000000fa700000, 0x0000000100000000)
  eden space 20480K, 99% used [0x00000000f5580000,0x00000000f697fff0,0x00000000f6980000)
  from space 13312K, 0% used [0x00000000f8780000,0x00000000f8780000,0x00000000f9480000)
  to   space 30720K, 0% used [0x00000000f6980000,0x00000000f6980000,0x00000000f8780000)
 ParOldGen       total 349696K, used 349693K [0x00000000e0000000, 0x00000000f5580000, 0x00000000f5580000)
  object space 349696K, 99% used [0x00000000e0000000,0x00000000f557f7b0,0x00000000f5580000)
 Metaspace       used 53445K, committed 54464K, reserved 1105920K
  class space    used 5279K, committed 5696K, reserved 1048576K
}

