# JRE version: OpenJDK Runtime Environment GraalVM CE 22.3.0 (17.0.5+8) (build 17.0.5+8-jvmci-22.3-b08)
# Java VM: OpenJDK 64-Bit Server VM GraalVM CE 22.3.0 (17.0.5+8-jvmci-22.3-b08, mixed mode, sharing, tiered, jvmci, jvmci compiler, compressed oops, compressed class ptrs, parallel gc, linux-amd64)
GC Precious Log:
 CPUs: 8 total, 1 available
 Memory: 1024M
 Large Page Support: Disabled
 NUMA Support: Disabled
 Compressed Oops: Enabled (32-bit)
 Alignments: Space 512K, Generation 512K, Heap 2M
 Heap Min Capacity: 100M
 Heap Initial Capacity: 100M
 Heap Max Capacity: 512M
 Pre-touch: Disabled
 Parallel Workers: 1
Heap:
 PSYoungGen      total 25088K, used 18943K [0x00000000f5580000, 0x00000000f7680000, 0x0000000100000000)
  eden space 18944K, 99% used [0x00000000f5580000,0x00000000f67ffff0,0x00000000f6800000)
  from space 6144K, 0% used [0x00000000f7080000,0x00000000f7080000,0x00000000f7680000)
  to   space 8192K, 0% used [0x00000000f6800000,0x00000000f6800000,0x00000000f7000000)
 ParOldGen       total 349696K, used 349696K [0x00000000e0000000, 0x00000000f5580000, 0x00000000f5580000)
  object space 349696K, 100% used [0x00000000e0000000,0x00000000f5580000,0x00000000f5580000)
 Metaspace       used 54067K, committed 54976K, reserved 1105920K
  class space    used 5321K, committed 5696K, reserved 1048576K
GC Heap History (20 events):
Event: 2122.099 GC heap before
{Heap before GC invocations=684 (full 596):
 PSYoungGen      total 25088K, used 18944K [0x00000000f5580000, 0x00000000f7680000, 0x0000000100000000)
  eden space 18944K, 100% used [0x00000000f5580000,0x00000000f6800000,0x00000000f6800000)
  from space 6144K, 0% used [0x00000000f7080000,0x00000000f7080000,0x00000000f7680000)
  to   space 8192K, 0% used [0x00000000f6800000,0x00000000f6800000,0x00000000f7000000)
 ParOldGen       total 349696K, used 349695K [0x00000000e0000000, 0x00000000f5580000, 0x00000000f5580000)
  object space 349696K, 99% used [0x00000000e0000000,0x00000000f557ffe0,0x00000000f5580000)
 Metaspace       used 54067K, committed 54976K, reserved 1105920K
  class space    used 5321K, committed 5696K, reserved 1048576K
}
Event: 2124.277 GC heap after
{Heap after GC invocations=684 (full 596):
 PSYoungGen      total 27136K, used 18944K [0x00000000f5580000, 0x00000000f7680000, 0x0000000100000000)
  eden space 18944K, 100% used [0x00000000f5580000,0x00000000f6800000,0x00000000f6800000)
  from space 8192K, 0% used [0x00000000f6800000,0x00000000f6800000,0x00000000f7000000)
  to   space 6144K, 0% used [0x00000000f7080000,0x00000000f7080000,0x00000000f7680000)
 ParOldGen       total 349696K, used 349695K [0x00000000e0000000, 0x00000000f5580000, 0x00000000f5580000)
  object space 349696K, 99% used [0x00000000e0000000,0x00000000f557ffe0,0x00000000f5580000)
 Metaspace       used 54067K, committed 54976K, reserved 1105920K
  class space    used 5321K, committed 5696K, reserved 1048576K
}
Event: 2124.359 GC heap before
{Heap before GC invocations=685 (full 597):
 PSYoungGen      total 27136K, used 18944K [0x00000000f5580000, 0x00000000f7680000, 0x0000000100000000)
  eden space 18944K, 100% used [0x00000000f5580000,0x00000000f6800000,0x00000000f6800000)
  from space 8192K, 0% used [0x00000000f6800000,0x00000000f6800000,0x00000000f7000000)
  to   space 6144K, 0% used [0x00000000f7080000,0x00000000f7080000,0x00000000f7680000)
 ParOldGen       total 349696K, used 349696K [0x00000000e0000000, 0x00000000f5580000, 0x00000000f5580000)
  object space 349696K, 100% used [0x00000000e0000000,0x00000000f5580000,0x00000000f5580000)
 Metaspace       used 54067K, committed 54976K, reserved 1105920K
  class space    used 5321K, committed 5696K, reserved 1048576K
}
Event: 2126.376 GC heap after
{Heap after GC invocations=685 (full 597):
 PSYoungGen      total 25088K, used 18943K [0x00000000f5580000, 0x00000000f7680000, 0x0000000100000000)
  eden space 18944K, 99% used [0x00000000f5580000,0x00000000f67fff40,0x00000000f6800000)
  from space 6144K, 0% used [0x00000000f7080000,0x00000000f7080000,0x00000000f7680000)
  to   space 8192K, 0% used [0x00000000f6800000,0x00000000f6800000,0x00000000f7000000)
 ParOldGen       total 349696K, used 349695K [0x00000000e0000000, 0x00000000f5580000, 0x00000000f5580000)
  object space 349696K, 99% used [0x00000000e0000000,0x00000000f557ffe8,0x00000000f5580000)
 Metaspace       used 54067K, committed 54976K, reserved 1105920K
  class space    used 5321K, committed 5696K, reserved 1048576K
}
Event: 2126.378 GC heap before
{Heap before GC invocations=686 (full 598):
 PSYoungGen      total 25088K, used 18943K [0x00000000f5580000, 0x00000000f7680000, 0x0000000100000000)
  eden space 18944K, 99% used [0x00000000f5580000,0x00000000f67ffff8,0x00000000f6800000)
  from space 6144K, 0% used [0x00000000f7080000,0x00000000f7080000,0x00000000f7680000)
  to   space 8192K, 0% used [0x00000000f6800000,0x00000000f6800000,0x00000000f7000000)
 ParOldGen       total 349696K, used 349695K [0x00000000e0000000, 0x00000000f5580000, 0x00000000f5580000)
  object space 349696K, 99% used [0x00000000e0000000,0x00000000f557ffe8,0x00000000f5580000)
 Metaspace       used 54067K, committed 54976K, reserved 1105920K
  class space    used 5321K, committed 5696K, reserved 1048576K
}
Event: 2129.066 GC heap after
{Heap after GC invocations=686 (full 598):
 PSYoungGen      total 27136K, used 18943K [0x00000000f5580000, 0x00000000f7680000, 0x0000000100000000)
  eden space 18944K, 99% used [0x00000000f5580000,0x00000000f67ffff8,0x00000000f6800000)
  from space 8192K, 0% used [0x00000000f6800000,0x00000000f6800000,0x00000000f7000000)
  to   space 6144K, 0% used [0x00000000f7080000,0x00000000f7080000,0x00000000f7680000)
 ParOldGen       total 349696K, used 349695K [0x00000000e0000000, 0x00000000f5580000, 0x00000000f5580000)
  object space 349696K, 99% used [0x00000000e0000000,0x00000000f557ffe8,0x00000000f5580000)
 Metaspace       used 54067K, committed 54976K, reserved 1105920K
  class space    used 5321K, committed 5696K, reserved 1048576K
}
Event: 2129.066 GC heap before
{Heap before GC invocations=687 (full 599):
 PSYoungGen      total 27136K, used 18943K [0x00000000f5580000, 0x00000000f7680000, 0x0000000100000000)
  eden space 18944K, 99% used [0x00000000f5580000,0x00000000f67ffff8,0x00000000f6800000)
  from space 8192K, 0% used [0x00000000f6800000,0x00000000f6800000,0x00000000f7000000)
  to   space 6144K, 0% used [0x00000000f7080000,0x00000000f7080000,0x00000000f7680000)
 ParOldGen       total 349696K, used 349696K [0x00000000e0000000, 0x00000000f5580000, 0x00000000f5580000)
  object space 349696K, 100% used [0x00000000e0000000,0x00000000f5580000,0x00000000f5580000)
 Metaspace       used 54067K, committed 54976K, reserved 1105920K
  class space    used 5321K, committed 5696K, reserved 1048576K
}
Event: 2131.671 GC heap after
{Heap after GC invocations=687 (full 599):
 PSYoungGen      total 25088K, used 18943K [0x00000000f5580000, 0x00000000f7680000, 0x0000000100000000)
  eden space 18944K, 99% used [0x00000000f5580000,0x00000000f67fffc0,0x00000000f6800000)
  from space 6144K, 0% used [0x00000000f7080000,0x00000000f7080000,0x00000000f7680000)
  to   space 8192K, 0% used [0x00000000f6800000,0x00000000f6800000,0x00000000f7000000)
 ParOldGen       total 349696K, used 349692K [0x00000000e0000000, 0x00000000f5580000, 0x00000000f5580000)
  object space 349696K, 99% used [0x00000000e0000000,0x00000000f557f3b0,0x00000000f5580000)
 Metaspace       used 54067K, committed 54976K, reserved 1105920K
  class space    used 5321K, committed 5696K, reserved 1048576K
}
Event: 2131.672 GC heap before
{Heap before GC invocations=688 (full 600):
 PSYoungGen      total 25088K, used 18943K [0x00000000f5580000, 0x00000000f7680000, 0x0000000100000000)
  eden space 18944K, 99% used [0x00000000f5580000,0x00000000f67ffff0,0x00000000f6800000)
  from space 6144K, 0% used [0x00000000f7080000,0x00000000f7080000,0x00000000f7680000)
  to   space 8192K, 0% used [0x00000000f6800000,0x00000000f6800000,0x00000000f7000000)
 ParOldGen       total 349696K, used 349692K [0x00000000e0000000, 0x00000000f5580000, 0x00000000f5580000)
  object space 349696K, 99% used [0x00000000e0000000,0x00000000f557f3b0,0x00000000f5580000)
 Metaspace       used 54067K, committed 54976K, reserved 1105920K
  class space    used 5321K, committed 5696K, reserved 1048576K
}
Event: 2134.207 GC heap after
{Heap after GC invocations=688 (full 600):
 PSYoungGen      total 27136K, used 18943K [0x00000000f5580000, 0x00000000f7680000, 0x0000000100000000)
  eden space 18944K, 99% used [0x00000000f5580000,0x00000000f67ffff0,0x00000000f6800000)
  from space 8192K, 0% used [0x00000000f6800000,0x00000000f6800000,0x00000000f7000000)
  to   space 6144K, 0% used [0x00000000f7080000,0x00000000f7080000,0x00000000f7680000)
 ParOldGen       total 349696K, used 349692K [0x00000000e0000000, 0x00000000f5580000, 0x00000000f5580000)
  object space 349696K, 99% used [0x00000000e0000000,0x00000000f557f3b0,0x00000000f5580000)
 Metaspace       used 54067K, committed 54976K, reserved 1105920K
  class space    used 5321K, committed 5696K, reserved 1048576K
}
Event: 2134.213 GC heap before
{Heap before GC invocations=689 (full 601):
 PSYoungGen      total 27136K, used 18944K [0x00000000f5580000, 0x00000000f7680000, 0x0000000100000000)
  eden space 18944K, 100% used [0x00000000f5580000,0x00000000f6800000,0x00000000f6800000)
  from space 8192K, 0% used [0x00000000f6800000,0x00000000f6800000,0x00000000f7000000)
  to   space 6144K, 0% used [0x00000000f7080000,0x00000000f7080000,0x00000000f7680000)
 ParOldGen       total 349696K, used 349694K [0x00000000e0000000, 0x00000000f5580000, 0x00000000f5580000)
  object space 349696K, 99% used [0x00000000e0000000,0x00000000f557f9a0,0x00000000f5580000)
 Metaspace       used 54067K, committed 54976K, reserved 1105920K
  class space    used 5321K, committed 5696K, reserved 1048576K
}
Event: 2136.587 GC heap after
{Heap after GC invocations=689 (full 601):
 PSYoungGen      total 25088K, used 18943K [0x00000000f5580000, 0x00000000f7680000, 0x0000000100000000)
  eden space 18944K, 99% used [0x00000000f5580000,0x00000000f67fff48,0x00000000f6800000)
  from space 6144K, 0% used [0x00000000f7080000,0x00000000f7080000,0x00000000f7680000)
  to   space 8192K, 0% used [0x00000000f6800000,0x00000000f6800000,0x00000000f7000000)
 ParOldGen       total 349696K, used 349694K [0x00000000e0000000, 0x00000000f5580000, 0x00000000f5580000)
  object space 349696K, 99% used [0x00000000e0000000,0x00000000f557f820,0x00000000f5580000)
 Metaspace       used 54067K, committed 54976K, reserved 1105920K
  class space    used 5321K, committed 5696K, reserved 1048576K
}
Event: 2136.587 GC heap before
{Heap before GC invocations=690 (full 602):
 PSYoungGen      total 25088K, used 18943K [0x00000000f5580000, 0x00000000f7680000, 0x0000000100000000)
  eden space 18944K, 99% used [0x00000000f5580000,0x00000000f67fffb0,0x00000000f6800000)
  from space 6144K, 0% used [0x00000000f7080000,0x00000000f7080000,0x00000000f7680000)
  to   space 8192K, 0% used [0x00000000f6800000,0x00000000f6800000,0x00000000f7000000)
 ParOldGen       total 349696K, used 349694K [0x00000000e0000000, 0x00000000f5580000, 0x00000000f5580000)
  object space 349696K, 99% used [0x00000000e0000000,0x00000000f557f820,0x00000000f5580000)
 Metaspace       used 54067K, committed 54976K, reserved 1105920K
  class space    used 5321K, committed 5696K, reserved 1048576K
}
Event: 2138.677 GC heap after
{Heap after GC invocations=690 (full 602):
 PSYoungGen      total 27136K, used 18943K [0x00000000f5580000, 0x00000000f7680000, 0x0000000100000000)
  eden space 18944K, 99% used [0x00000000f5580000,0x00000000f67fff80,0x00000000f6800000)
  from space 8192K, 0% used [0x00000000f6800000,0x00000000f6800000,0x00000000f7000000)
  to   space 6144K, 0% used [0x00000000f7080000,0x00000000f7080000,0x00000000f7680000)
 ParOldGen       total 349696K, used 349694K [0x00000000e0000000, 0x00000000f5580000, 0x00000000f5580000)
  object space 349696K, 99% used [0x00000000e0000000,0x00000000f557f800,0x00000000f5580000)
 Metaspace       used 54067K, committed 54976K, reserved 1105920K
  class space    used 5321K, committed 5696K, reserved 1048576K
}
Event: 2138.677 GC heap before
{Heap before GC invocations=691 (full 603):
 PSYoungGen      total 27136K, used 18943K [0x00000000f5580000, 0x00000000f7680000, 0x0000000100000000)
  eden space 18944K, 99% used [0x00000000f5580000,0x00000000f67fff80,0x00000000f6800000)
  from space 8192K, 0% used [0x00000000f6800000,0x00000000f6800000,0x00000000f7000000)
  to   space 6144K, 0% used [0x00000000f7080000,0x00000000f7080000,0x00000000f7680000)
 ParOldGen       total 349696K, used 349694K [0x00000000e0000000, 0x00000000f5580000, 0x00000000f5580000)
  object space 349696K, 99% used [0x00000000e0000000,0x00000000f557f800,0x00000000f5580000)
 Metaspace       used 54067K, committed 54976K, reserved 1105920K
  class space    used 5321K, committed 5696K, reserved 1048576K
}
Event: 2141.202 GC heap after
{Heap after GC invocations=691 (full 603):
 PSYoungGen      total 25088K, used 18943K [0x00000000f5580000, 0x00000000f7680000, 0x0000000100000000)
  eden space 18944K, 99% used [0x00000000f5580000,0x00000000f67fff80,0x00000000f6800000)
  from space 6144K, 0% used [0x00000000f7080000,0x00000000f7080000,0x00000000f7680000)
  to   space 8192K, 0% used [0x00000000f6800000,0x00000000f6800000,0x00000000f7000000)
 ParOldGen       total 349696K, used 349694K [0x00000000e0000000, 0x00000000f5580000, 0x00000000f5580000)
  object space 349696K, 99% used [0x00000000e0000000,0x00000000f557f800,0x00000000f5580000)
 Metaspace       used 54067K, committed 54976K, reserved 1105920K
  class space    used 5321K, committed 5696K, reserved 1048576K
}
Event: 2141.202 GC heap before
{Heap before GC invocations=692 (full 604):
 PSYoungGen      total 25088K, used 18943K [0x00000000f5580000, 0x00000000f7680000, 0x0000000100000000)
  eden space 18944K, 99% used [0x00000000f5580000,0x00000000f67fffc0,0x00000000f6800000)
  from space 6144K, 0% used [0x00000000f7080000,0x00000000f7080000,0x00000000f7680000)
  to   space 8192K, 0% used [0x00000000f6800000,0x00000000f6800000,0x00000000f7000000)
 ParOldGen       total 349696K, used 349694K [0x00000000e0000000, 0x00000000f5580000, 0x00000000f5580000)
  object space 349696K, 99% used [0x00000000e0000000,0x00000000f557f800,0x00000000f5580000)
 Metaspace       used 54067K, committed 54976K, reserved 1105920K
  class space    used 5321K, committed 5696K, reserved 1048576K
}
Event: 2143.869 GC heap after
{Heap after GC invocations=692 (full 604):
 PSYoungGen      total 27136K, used 18943K [0x00000000f5580000, 0x00000000f7680000, 0x0000000100000000)
  eden space 18944K, 99% used [0x00000000f5580000,0x00000000f67fffa0,0x00000000f6800000)
  from space 8192K, 0% used [0x00000000f6800000,0x00000000f6800000,0x00000000f7000000)
  to   space 6144K, 0% used [0x00000000f7080000,0x00000000f7080000,0x00000000f7680000)
 ParOldGen       total 349696K, used 349694K [0x00000000e0000000, 0x00000000f5580000, 0x00000000f5580000)
  object space 349696K, 99% used [0x00000000e0000000,0x00000000f557f800,0x00000000f5580000)
 Metaspace       used 54067K, committed 54976K, reserved 1105920K
  class space    used 5321K, committed 5696K, reserved 1048576K
}
Event: 2143.869 GC heap before
{Heap before GC invocations=693 (full 605):
 PSYoungGen      total 27136K, used 18943K [0x00000000f5580000, 0x00000000f7680000, 0x0000000100000000)
  eden space 18944K, 99% used [0x00000000f5580000,0x00000000f67fffa0,0x00000000f6800000)
  from space 8192K, 0% used [0x00000000f6800000,0x00000000f6800000,0x00000000f7000000)
  to   space 6144K, 0% used [0x00000000f7080000,0x00000000f7080000,0x00000000f7680000)
 ParOldGen       total 349696K, used 349694K [0x00000000e0000000, 0x00000000f5580000, 0x00000000f5580000)
  object space 349696K, 99% used [0x00000000e0000000,0x00000000f557f800,0x00000000f5580000)
 Metaspace       used 54067K, committed 54976K, reserved 1105920K
  class space    used 5321K, committed 5696K, reserved 1048576K
}
Event: 2146.569 GC heap after
{Heap after GC invocations=693 (full 605):
 PSYoungGen      total 25088K, used 18943K [0x00000000f5580000, 0x00000000f7680000, 0x0000000100000000)
  eden space 18944K, 99% used [0x00000000f5580000,0x00000000f67fffa0,0x00000000f6800000)
  from space 6144K, 0% used [0x00000000f7080000,0x00000000f7080000,0x00000000f7680000)
  to   space 8192K, 0% used [0x00000000f6800000,0x00000000f6800000,0x00000000f7000000)
 ParOldGen       total 349696K, used 349694K [0x00000000e0000000, 0x00000000f5580000, 0x00000000f5580000)
  object space 349696K, 99% used [0x00000000e0000000,0x00000000f557f800,0x00000000f5580000)
 Metaspace       used 54067K, committed 54976K, reserved 1105920K
  class space    used 5321K, committed 5696K, reserved 1048576K
}

